<?xml version="1.0" encoding="UTF-8"?>
<!-- Generated by org.testng.reporters.JUnitReportReporter -->
<testsuite hostname="IE4-CP-L531" failures="0" tests="2" name="runner.TestRunner" time="67.795" errors="0" timestamp="03 Oct 2020 10:24:11 GMT" skipped="0">
  <testcase classname="runner.TestRunner" name="feature" time="29.779"/>
  <testcase classname="runner.TestRunner" name="feature" time="38.016"/>
</testsuite> <!-- runner.TestRunner -->
