<?xml version="1.0" encoding="UTF-8"?>
<!-- Generated by org.testng.reporters.JUnitReportReporter -->
<testsuite hostname="IE4-CP-L531" failures="0" tests="2" name="runner.DingRunner" time="13.326" errors="0" timestamp="27 Sep 2020 02:35:33 GMT" skipped="0">
  <testcase classname="runner.DingRunner" name="feature" time="5.906"/>
  <testcase classname="runner.DingRunner" name="feature" time="7.420"/>
</testsuite> <!-- runner.DingRunner -->
