<?xml version="1.0" encoding="UTF-8"?>
<!-- Generated by org.testng.reporters.JUnitReportReporter -->
<testsuite hostname="IE4-CP-L531" failures="0" tests="1" name="runner.DingRunner" time="8.663" errors="0" timestamp="27 Sep 2020 09:55:49 GMT" skipped="0">
  <testcase classname="runner.DingRunner" name="feature" time="8.663"/>
</testsuite> <!-- runner.DingRunner -->
