<?xml version="1.0" encoding="UTF-8"?>
<!-- Generated by org.testng.reporters.JUnitReportReporter -->
<testsuite hostname="IE4-CP-L531" failures="0" tests="1" name="runner.APIRunner" time="5.847" errors="0" timestamp="27 Sep 2020 10:45:56 GMT" skipped="0">
  <testcase classname="runner.APIRunner" name="feature" time="5.847"/>
</testsuite> <!-- runner.APIRunner -->
