<?xml version="1.0" encoding="UTF-8"?>
<!-- Generated by org.testng.reporters.JUnitReportReporter -->
<testsuite hostname="IE4-CP-L531" failures="0" tests="2" name="runner.TestRunner" time="66.260" errors="0" timestamp="03 Oct 2020 10:22:35 GMT" skipped="0">
  <testcase classname="runner.TestRunner" name="feature" time="29.529"/>
  <testcase classname="runner.TestRunner" name="feature" time="36.731"/>
</testsuite> <!-- runner.TestRunner -->
